# OmniMesh Security Audit Report
# Generated: Mon Jul  7 05:41:28 PM CST 2025
# Audit ID: 20250707_174128
# Project: OmniMesh Compute Fabric
# Scope: Complete security audit addressing Tiger Lily findings

[0;34m[INFO][0m Security audit initialized
[0;34m[INFO][0m Audit ID: 20250707_174128
[0;34m[INFO][0m Log file: /home/pong/Documents/OMNIMESH/security-audit-results/security-audit-20250707_174128.log
[0;34m[INFO][0m Report file: /home/pong/Documents/OMNIMESH/security-audit-results/security-report-20250707_174128.json
[0;32m[SUCCESS][0m npm is available
[0;32m[SUCCESS][0m docker is available
[0;31m[ERROR][0m kubectl is missing
[0;31m[ERROR][0m trivy is missing
[0;32m[SUCCESS][0m git is available
[0;32m[SUCCESS][0m curl is available
[0;32m[SUCCESS][0m jq is available
[0;32m[SUCCESS][0m openssl is available
[0;32m[SUCCESS][0m gpg is available
[1;33m[WARNING][0m Installing missing security tools...
[0;34m[INFO][0m Installing Trivy...
[0;34m[INFO][0m Generating dependency tree...
[0;34m[INFO][0m Running npm audit...
[0;34m[INFO][0m Vulnerability summary:
[0;34m[INFO][0m   Critical: 0
[0;34m[INFO][0m   High: 0
[0;34m[INFO][0m   Medium: 0
[0;34m[INFO][0m   Low: 0
[0;34m[INFO][0m Running license compliance check...
[0;34m[INFO][0m Running bundle analysis...
[0;34m[INFO][0m Creating security-verified package-lock.json...
